<?xml version="1.0" encoding="UTF-8"?>
<!-- Generated by org.testng.reporters.JUnitReportReporter -->
<testsuite hostname="SISBLRLPT194" failures="0" tests="1" name="syook_ext.syook_ext_login" time="28.280" errors="0" timestamp="1 May 2019 14:46:04 GMT">
  <testcase classname="syook_ext.syook_ext_login" name="f" time="28.280"/>
</testsuite> <!-- syook_ext.syook_ext_login -->
